This file contains any messages produced by compilers while
running configure, to aid debugging if configure makes a mistake.

It was created by pioneers configure 0.12.5, which was
generated by GNU Autoconf 2.68.  Invocation command line was

  $ ./configure --prefix /Users/jquick/gtk/inst --libdir /Users/jquick/gtk/inst/lib --without-ms-icons --disable-static

## --------- ##
## Platform. ##
## --------- ##

hostname = maz-pc.local
uname -m = x86_64
uname -r = 10.7.0
uname -s = Darwin
uname -v = Darwin Kernel Version 10.7.0: Sat Jan 29 15:16:10 PST 2011; root:xnu-1504.9.37~1/RELEASE_X86_64

/usr/bin/uname -p = i386
/bin/uname -X     = unknown

/bin/arch              = unknown
/usr/bin/arch -k       = unknown
/usr/convex/getsysinfo = unknown
/usr/bin/hostinfo      = Mach kernel version:
	 Darwin Kernel Version 10.7.0: Sat Jan 29 15:16:10 PST 2011; root:xnu-1504.9.37~1/RELEASE_X86_64
Kernel configured for up to 4 processors.
4 processors are physically available.
4 processors are logically available.
Processor type: i486 (Intel 80486)
Processors active: 0 1 2 3
Primary memory available: 3.00 gigabytes
Default processor set: 80 tasks, 345 threads, 4 processors
Load average: 0.89, Mach factor: 3.10
/bin/machine           = unknown
/usr/bin/oslevel       = unknown
/bin/universe          = unknown

PATH: /Users/jquick/gtk/inst/bin
PATH: /usr/bin
PATH: /bin
PATH: /usr/sbin
PATH: /sbin
PATH: /usr/local/bin
PATH: /usr/local/git/bin
PATH: /usr/X11/bin


## ----------- ##
## Core tests. ##
## ----------- ##

configure:2575: checking for a BSD-compatible install
configure:2643: result: /Users/jquick/.local/bin/install-check
configure:2654: checking whether build environment is sane

## ---------------- ##
## Cache variables. ##
## ---------------- ##

ac_cv_env_AVAHI_CLIENT_CFLAGS_set=
ac_cv_env_AVAHI_CLIENT_CFLAGS_value=
ac_cv_env_AVAHI_CLIENT_LIBS_set=
ac_cv_env_AVAHI_CLIENT_LIBS_value=
ac_cv_env_AVAHI_GLIB_CFLAGS_set=
ac_cv_env_AVAHI_GLIB_CFLAGS_value=
ac_cv_env_AVAHI_GLIB_LIBS_set=
ac_cv_env_AVAHI_GLIB_LIBS_value=
ac_cv_env_CC_set=
ac_cv_env_CC_value=
ac_cv_env_CFLAGS_set=set
ac_cv_env_CFLAGS_value='-arch i386 -I/Developer/SDKs/MacOSX10.6.sdk/usr/include -isysroot /Developer/SDKs/MacOSX10.6.sdk -mmacosx-version-min=10.6'
ac_cv_env_CPPFLAGS_set=set
ac_cv_env_CPPFLAGS_value='-I/Users/jquick/gtk/inst/include -I/Developer/SDKs/MacOSX10.6.sdk/usr/include'
ac_cv_env_CPP_set=
ac_cv_env_CPP_value=
ac_cv_env_GLIB2_CFLAGS_set=
ac_cv_env_GLIB2_CFLAGS_value=
ac_cv_env_GLIB2_LIBS_set=
ac_cv_env_GLIB2_LIBS_value=
ac_cv_env_GNOME2_CFLAGS_set=
ac_cv_env_GNOME2_CFLAGS_value=
ac_cv_env_GNOME2_LIBS_set=
ac_cv_env_GNOME2_LIBS_value=
ac_cv_env_GOBJECT2_CFLAGS_set=
ac_cv_env_GOBJECT2_CFLAGS_value=
ac_cv_env_GOBJECT2_LIBS_set=
ac_cv_env_GOBJECT2_LIBS_value=
ac_cv_env_GTK2_CFLAGS_set=
ac_cv_env_GTK2_CFLAGS_value=
ac_cv_env_GTK2_LIBS_set=
ac_cv_env_GTK2_LIBS_value=
ac_cv_env_GTK_OPTIMAL_VERSION_CFLAGS_set=
ac_cv_env_GTK_OPTIMAL_VERSION_CFLAGS_value=
ac_cv_env_GTK_OPTIMAL_VERSION_LIBS_set=
ac_cv_env_GTK_OPTIMAL_VERSION_LIBS_value=
ac_cv_env_LDFLAGS_set=set
ac_cv_env_LDFLAGS_value='-L/Users/jquick/gtk/inst/lib -L/Users/jquick/gtk/inst/lib -arch i386 -L/Developer/SDKs/MacOSX10.6.sdk/usr/lib -isysroot /Developer/SDKs/MacOSX10.6.sdk -mmacosx-version-min=10.6 -Wl,-headerpad_max_install_names'
ac_cv_env_LIBS_set=
ac_cv_env_LIBS_value=
ac_cv_env_PKG_CONFIG_LIBDIR_set=
ac_cv_env_PKG_CONFIG_LIBDIR_value=
ac_cv_env_PKG_CONFIG_PATH_set=set
ac_cv_env_PKG_CONFIG_PATH_value=/Users/jquick/gtk/inst/lib/pkgconfig:/Users/jquick/gtk/inst/share/pkgconfig:/usr/lib/pkgconfig
ac_cv_env_PKG_CONFIG_set=
ac_cv_env_PKG_CONFIG_value=
ac_cv_env_build_alias_set=
ac_cv_env_build_alias_value=
ac_cv_env_host_alias_set=
ac_cv_env_host_alias_value=
ac_cv_env_target_alias_set=
ac_cv_env_target_alias_value=

## ----------------- ##
## Output variables. ##
## ----------------- ##

ACLOCAL=''
ADMIN_GTK_SUPPORT_FALSE=''
ADMIN_GTK_SUPPORT_TRUE=''
ALL_LINGUAS=''
AMDEPBACKSLASH=''
AMDEP_FALSE=''
AMDEP_TRUE=''
AMTAR=''
AM_CFLAGS=''
AR=''
AUTOCONF=''
AUTOHEADER=''
AUTOMAKE=''
AVAHI_CLIENT_CFLAGS=''
AVAHI_CLIENT_LIBS=''
AVAHI_GLIB_CFLAGS=''
AVAHI_GLIB_LIBS=''
AWK=''
BUILD_CLIENT_FALSE=''
BUILD_CLIENT_TRUE=''
BUILD_EDITOR_FALSE=''
BUILD_EDITOR_TRUE=''
BUILD_META_SERVER_FALSE=''
BUILD_META_SERVER_TRUE=''
BUILD_SERVER_FALSE=''
BUILD_SERVER_TRUE=''
CATALOGS=''
CATOBJEXT=''
CC=''
CCDEPMODE=''
CFLAGS='-arch i386 -I/Developer/SDKs/MacOSX10.6.sdk/usr/include -isysroot /Developer/SDKs/MacOSX10.6.sdk -mmacosx-version-min=10.6'
CPP=''
CPPFLAGS='-I/Users/jquick/gtk/inst/include -I/Developer/SDKs/MacOSX10.6.sdk/usr/include'
CREATE_WINDOWS_ICON_FALSE=''
CREATE_WINDOWS_ICON_TRUE=''
CYGPATH_W=''
C_INCLUDE_PATH='/Users/jquick/gtk/inst/include'
DATADIRNAME=''
DEBUGGING=''
DEFS=''
DEPDIR=''
DSYMUTIL=''
DUMPBIN=''
ECHO='/bin/echo'
ECHO_C='\c'
ECHO_N=''
ECHO_T=''
EGREP=''
EXEEXT=''
FGREP=''
GETTEXT_PACKAGE=''
GLIB2_CFLAGS=''
GLIB2_LIBS=''
GLIB_DEPRECATION=''
GMOFILES=''
GMSGFMT=''
GNOME2_CFLAGS=''
GNOME2_LIBS=''
GOB2=''
GOBJECT2_CFLAGS=''
GOBJECT2_LIBS=''
GREP=''
GTK2_CFLAGS=''
GTK2_LIBS=''
GTK_DEPRECATION=''
GTK_OPTIMAL_VERSION_CFLAGS=''
GTK_OPTIMAL_VERSION_LIBS=''
HAVE_GNOME_FALSE=''
HAVE_GNOME_TRUE=''
HAVE_GTK2_FALSE=''
HAVE_GTK2_TRUE=''
HAVE_SCROLLKEEPER_FALSE=''
HAVE_SCROLLKEEPER_TRUE=''
INSTALL_DATA='${INSTALL} -m 644'
INSTALL_PROGRAM='${INSTALL}'
INSTALL_SCRIPT='${INSTALL}'
INSTALL_STRIP_PROGRAM=''
INSTOBJEXT=''
INTLLIBS=''
INTLTOOL_CAVES_RULE=''
INTLTOOL_DESKTOP_RULE=''
INTLTOOL_DIRECTORY_RULE=''
INTLTOOL_EXTRACT=''
INTLTOOL_KBD_RULE=''
INTLTOOL_KEYS_RULE=''
INTLTOOL_MERGE=''
INTLTOOL_OAF_RULE=''
INTLTOOL_PERL='/usr/bin/perl'
INTLTOOL_POLICY_RULE=''
INTLTOOL_PONG_RULE=''
INTLTOOL_PROP_RULE=''
INTLTOOL_SCHEMAS_RULE=''
INTLTOOL_SERVER_RULE=''
INTLTOOL_SERVICE_RULE=''
INTLTOOL_SHEET_RULE=''
INTLTOOL_SOUNDLIST_RULE=''
INTLTOOL_THEME_RULE=''
INTLTOOL_UI_RULE=''
INTLTOOL_UPDATE=''
INTLTOOL_XAM_RULE=''
INTLTOOL_XML_NOMERGE_RULE=''
INTLTOOL_XML_RULE=''
IS_MINGW_PORT_FALSE=''
IS_MINGW_PORT_TRUE=''
LD=''
LDFLAGS='-L/Users/jquick/gtk/inst/lib -L/Users/jquick/gtk/inst/lib -arch i386 -L/Developer/SDKs/MacOSX10.6.sdk/usr/lib -isysroot /Developer/SDKs/MacOSX10.6.sdk -mmacosx-version-min=10.6 -Wl,-headerpad_max_install_names'
LIBOBJS=''
LIBS=''
LIBTOOL=''
LIPO=''
LN_S=''
LTLIBOBJS=''
MAINT=''
MAINTAINER_MODE_FALSE=''
MAINTAINER_MODE_TRUE=''
MAKEINFO=''
MKDIR_P=''
MKINSTALLDIRS=''
MSGFMT=''
MSGFMT_OPTS=''
MSGMERGE=''
NM=''
NMEDIT=''
OBJDUMP=''
OBJEXT=''
OTOOL64=''
OTOOL=''
PACKAGE=''
PACKAGE_BUGREPORT='pio-develop@lists.sourceforge.net'
PACKAGE_NAME='pioneers'
PACKAGE_STRING='pioneers 0.12.5'
PACKAGE_TARNAME='pioneers'
PACKAGE_URL=''
PACKAGE_VERSION='0.12.5'
PATH_SEPARATOR=':'
PKG_CONFIG=''
PKG_CONFIG_LIBDIR=''
PKG_CONFIG_PATH='/Users/jquick/gtk/inst/lib/pkgconfig:/Users/jquick/gtk/inst/share/pkgconfig:/usr/lib/pkgconfig'
POFILES=''
POSUB=''
PO_IN_DATADIR_FALSE=''
PO_IN_DATADIR_TRUE=''
RANLIB=''
SCROLLKEEPER_CONFIG=''
SCROLLKEEPER_REQUIRED=''
SED=''
SET_MAKE=''
SHELL='/bin/sh'
STRIP=''
USE_NLS=''
USE_WINDOWS_ICON_FALSE=''
USE_WINDOWS_ICON_TRUE=''
VERSION=''
WARNINGS=''
XGETTEXT=''
ac_ct_CC=''
ac_ct_DUMPBIN=''
am__EXEEXT_FALSE=''
am__EXEEXT_TRUE=''
am__fastdepCC_FALSE=''
am__fastdepCC_TRUE=''
am__include=''
am__isrc=''
am__leading_dot=''
am__quote=''
am__tar=''
am__untar=''
bindir='${exec_prefix}/bin'
build=''
build_alias=''
build_cpu=''
build_os=''
build_vendor=''
datadir='${datarootdir}'
datarootdir='${prefix}/share'
docdir='${datarootdir}/doc/${PACKAGE_TARNAME}'
dvidir='${docdir}'
exec_prefix='NONE'
host=''
host_alias=''
host_cpu=''
host_os=''
host_vendor=''
htmldir='${docdir}'
includedir='${prefix}/include'
infodir='${datarootdir}/info'
install_sh=''
libdir='/Users/jquick/gtk/inst/lib'
libexecdir='${exec_prefix}/libexec'
localedir='${datarootdir}/locale'
localstatedir='${prefix}/var'
lt_ECHO='/bin/echo'
mandir='${datarootdir}/man'
mkdir_p=''
oldincludedir='/usr/include'
pdfdir='${docdir}'
pioneers_datadir=''
pioneers_localedir=''
pioneers_themedir=''
pioneers_themedir_embed=''
pngtopnm=''
prefix='/Users/jquick/gtk/inst'
program_transform_name='s,x,x,'
psdir='${docdir}'
sbindir='${exec_prefix}/sbin'
sharedstatedir='${prefix}/com'
svg_renderer_height=''
svg_renderer_path=''
svg_renderer_width=''
sysconfdir='${prefix}/etc'
target_alias=''
whitespace_trick=''

## ----------- ##
## confdefs.h. ##
## ----------- ##

/* confdefs.h */
#define PACKAGE_NAME "pioneers"
#define PACKAGE_TARNAME "pioneers"
#define PACKAGE_VERSION "0.12.5"
#define PACKAGE_STRING "pioneers 0.12.5"
#define PACKAGE_BUGREPORT "pio-develop@lists.sourceforge.net"
#define PACKAGE_URL ""

configure: caught signal 2
configure: exit 1
